2019-08-09 09:46:13,573 - INFO - Listando alunos.
2019-08-09 09:46:13,596 - INFO - []
2019-08-14 11:13:50,977 - INFO - Cadastrando turno.
2019-08-14 11:16:36,601 - INFO - Cadastrando turno.
2019-08-14 11:29:21,648 - INFO - Cadastrando turno.
2019-08-14 11:29:52,705 - INFO - Cadastrando turno.
2019-08-14 11:35:31,547 - INFO - Cadastrando turno.
2019-08-14 13:45:27,654 - INFO - Cadastrando turno.
2019-08-14 14:10:04,341 - INFO - Cadastrando turno.
2019-08-14 14:11:39,161 - INFO - Cadastrando turno.
2019-08-14 14:11:39,222 - ERROR - Aconteceu um erro.
2019-08-14 14:11:39,222 - ERROR - Exceção: name 'nome' is not defined
2019-08-14 14:14:45,401 - INFO - Cadastrando turno.
2019-08-14 14:20:49,743 - INFO - Cadastrando turno.
2019-08-14 14:21:08,048 - INFO - Cadastrando turno.
2019-08-14 14:21:19,613 - INFO - Cadastrando turno.
2019-08-14 14:22:29,428 - INFO - Cadastrando turno.
2019-08-14 14:27:25,985 - INFO - Listando turnos.
2019-08-14 14:28:08,813 - INFO - Cadastrando turno.
2019-08-14 14:33:34,854 - INFO - Cadastrando turno.
2019-08-14 14:33:54,155 - INFO - Listando turnos.
2019-08-14 14:39:41,930 - INFO - Cadastrando endereco.
2019-08-14 14:40:35,642 - INFO - Cadastrando endereco.
2019-08-14 14:40:45,277 - INFO - Listando endereços.
2019-08-14 14:45:45,184 - INFO - Cadastrando campus.
2019-08-14 14:49:56,904 - INFO - Cadastrando campi.
2019-08-14 14:50:17,260 - INFO - Cadastrando campi.
2019-08-14 14:50:24,734 - INFO - Listando campi.
2019-08-14 14:50:51,422 - INFO - Cadastrando campi.
2019-08-14 14:54:56,434 - INFO - Listando campi.
2019-08-14 14:58:26,295 - INFO - Cadastrando professor.
2019-08-14 14:58:26,306 - ERROR - Aconteceu um erro.
2019-08-14 14:58:26,306 - ERROR - Exceção: NOT NULL constraint failed: tb_professor.cidade
2019-08-14 15:01:11,088 - INFO - Cadastrando professor.
2019-08-14 15:01:11,089 - ERROR - Aconteceu um erro.
2019-08-14 15:01:11,089 - ERROR - Exceção: NOT NULL constraint failed: tb_professor.cidade
2019-08-14 15:01:28,032 - INFO - Cadastrando professor.
2019-08-14 15:01:28,033 - ERROR - Aconteceu um erro.
2019-08-14 15:01:28,033 - ERROR - Exceção: NOT NULL constraint failed: tb_professor.cidade
2019-08-14 15:01:36,317 - INFO - Listando professores.
2019-08-14 15:01:54,669 - INFO - Listando professores.
2019-08-14 15:01:55,379 - INFO - Listando professores.
2019-08-14 15:02:06,915 - INFO - Listando professores.
2019-08-14 15:02:34,639 - INFO - Cadastrando professor.
2019-08-14 15:02:34,640 - ERROR - Aconteceu um erro.
2019-08-14 15:02:34,640 - ERROR - Exceção: NOT NULL constraint failed: tb_professor.cidade
2019-08-14 15:02:42,907 - INFO - Listando professores.
2019-08-14 15:02:54,966 - INFO - Listando professores.
2019-08-14 15:04:17,795 - INFO - Listando professores.
2019-08-14 15:07:45,464 - INFO - Cadastrando escola.
2019-08-14 15:08:15,670 - INFO - Cadastrando escola.
2019-08-14 15:08:24,826 - INFO - Listando escolas.
2019-08-14 15:08:55,801 - INFO - Cadastrando escola.
2019-08-14 15:09:07,323 - INFO - Listando escolas.
2019-08-14 15:16:47,650 - INFO - Cadastrando aluno...
2019-08-14 15:17:42,651 - INFO - Cadastrando aluno...
2019-08-14 15:17:53,063 - INFO - Listando alunos.
2019-08-14 15:20:00,489 - INFO - Cadastrando curso.
2019-08-14 15:20:16,409 - INFO - Cadastrando curso.
2019-08-14 15:20:23,267 - INFO - Listando cursos.
2019-08-14 15:23:15,427 - INFO - Cadastrando turma.
2019-08-14 15:23:23,994 - INFO - Cadastrando turma.
2019-08-14 15:23:28,428 - INFO - Listando turmas.
2019-08-14 15:25:03,018 - INFO - Cadastrando disciplina.
2019-08-14 15:25:20,987 - INFO - Cadastrando disciplina.
2019-08-14 15:25:27,662 - INFO - Listando disciplinas.
2019-08-14 15:27:23,057 - INFO - Cadastrando professor.
2019-08-14 15:27:23,057 - ERROR - Aconteceu um erro.
2019-08-14 15:27:23,058 - ERROR - Exceção: NOT NULL constraint failed: tb_professor.cidade
2019-08-14 15:27:28,676 - INFO - Listando professores.
2019-08-14 15:32:53,605 - INFO - Listando professores.
2019-08-14 15:33:01,804 - INFO - Cadastrando professor.
2019-08-14 15:34:18,333 - INFO - Cadastrando professor.
2019-08-14 15:35:23,300 - INFO - Cadastrando professor.
2019-08-14 15:35:23,376 - ERROR - Aconteceu um erro.
2019-08-14 15:35:23,377 - ERROR - Exceção: NOT NULL constraint failed: tb_professor.cidade
2019-08-14 15:35:28,820 - INFO - Listando professores.
2019-08-14 15:53:19,383 - INFO - Cadastrando professor.
2019-08-14 15:53:19,384 - ERROR - Aconteceu um erro.
2019-08-14 15:53:19,385 - ERROR - Exceção: NOT NULL constraint failed: tb_professor.cidade
2019-08-14 15:53:24,306 - INFO - Listando professores.
2019-08-14 15:55:35,950 - INFO - Listando professores.
2019-08-14 15:55:35,950 - INFO - Professores listados com sucesso.
2019-08-14 15:56:47,086 - INFO - Listando professores.
2019-08-14 15:56:47,087 - INFO - Professores listados com sucesso.
2019-08-14 15:56:48,419 - INFO - Listando professores.
2019-08-14 15:56:48,420 - INFO - Professores listados com sucesso.
2019-08-14 15:59:13,106 - INFO - Listando professores.
2019-08-14 15:59:13,114 - INFO - Professores listados com sucesso.
2019-08-14 15:59:14,660 - INFO - Listando professores.
2019-08-14 15:59:14,661 - INFO - Professores listados com sucesso.
2019-08-14 16:01:55,972 - INFO - Cadastrando professor.
2019-08-14 16:02:07,314 - INFO - Listando professores.
2019-08-14 16:02:07,315 - INFO - Professores listados com sucesso.
2019-08-14 16:04:24,478 - INFO - Listando professores.
2019-08-14 16:04:24,479 - INFO - Professores listados com sucesso.
2019-08-14 16:04:33,417 - INFO - Cadastrando professor.
2019-08-14 16:04:52,462 - INFO - Cadastrando professor.
2019-08-14 16:05:01,861 - INFO - Listando professores.
2019-08-14 16:05:01,861 - INFO - Professores listados com sucesso.
2019-08-14 16:05:12,406 - INFO - Listando turnos.
2019-08-14 16:05:19,607 - INFO - Cadastrando turno.
2019-08-14 16:05:28,707 - INFO - Cadastrando turno.
2019-08-14 16:05:37,598 - INFO - Cadastrando turno.
2019-08-14 16:05:44,209 - INFO - Listando turnos.
2019-08-14 16:05:52,024 - INFO - Cadastrando endereco.
2019-08-14 16:06:35,647 - INFO - Cadastrando endereco.
2019-08-14 16:06:41,621 - INFO - Listando endereços.
2019-08-14 16:06:47,336 - INFO - Cadastrando campi.
2019-08-14 16:07:02,460 - INFO - Cadastrando campi.
2019-08-14 16:07:07,740 - INFO - Listando campi.
2019-08-14 16:07:13,019 - INFO - Cadastrando escola.
2019-08-14 16:07:22,861 - INFO - Cadastrando escola.
2019-08-14 16:07:33,859 - INFO - Cadastrando escola.
2019-08-14 16:07:40,675 - INFO - Listando escolas.
2019-08-14 16:08:26,499 - INFO - Cadastrando aluno...
2019-08-14 16:09:00,941 - INFO - Cadastrando aluno...
2019-08-14 16:09:06,374 - INFO - Listando alunos.
2019-08-14 16:09:11,737 - INFO - Cadastrando curso.
2019-08-14 16:09:24,233 - INFO - Cadastrando curso.
2019-08-14 16:09:28,108 - INFO - Listando cursos.
2019-08-14 16:09:31,479 - INFO - Cadastrando turma.
2019-08-14 16:09:38,504 - INFO - Cadastrando turma.
2019-08-14 16:09:42,353 - INFO - Listando turmas.
2019-08-14 16:09:45,769 - INFO - Cadastrando disciplina.
2019-08-14 16:09:54,754 - INFO - Cadastrando disciplina.
2019-08-14 16:09:59,774 - INFO - Listando disciplinas.
2019-08-15 07:56:52,618 - INFO - Listando campi.
2019-08-15 13:14:50,341 - INFO - Cadastrando endereco.
2019-08-15 13:15:05,415 - INFO - Listando endereços.
2019-08-15 13:15:58,695 - INFO - Cadastrando endereco.
2019-08-15 13:16:03,986 - INFO - Listando endereços.
2019-08-15 13:17:04,746 - INFO - Cadastrando campi.
2019-08-15 13:17:17,165 - INFO - Listando campi.
2019-08-15 13:17:35,264 - INFO - Listando turnos.
2019-08-15 13:17:38,668 - INFO - Listando turnos.
2019-08-15 13:17:49,913 - INFO - Listando disciplinas.
2019-08-15 13:18:07,817 - INFO - Listando professores.
2019-08-15 13:18:07,818 - INFO - Professores listados com sucesso.
2019-08-16 10:34:35,504 - INFO - Cadastrando turma.
2019-08-16 10:34:35,610 - INFO - Turma cadastrada com sucesso.
2019-08-16 10:34:40,525 - INFO - Listando turmas.
2019-08-16 10:34:40,526 - INFO - Turmas listadas com sucesso.
2019-11-01 09:30:24,708 - INFO - Listando alunos.
2019-11-01 09:30:24,731 - INFO - Alunos listado com sucesso.
